<?xml version="1.0" encoding="UTF-8"?>
<!-- Generated by org.testng.reporters.JUnitReportReporter -->
<testsuite hostname="LAPTOP-BRMI1F9H" failures="0" tests="3" name="facebookTest.LoginTest" time="13.985" errors="0" timestamp="2024-06-10T13:49:00 IST" skipped="0">
  <testcase classname="facebookTest.LoginTest" name="passwordVerification" time="4.641"/>
  <system-out/>
  <testcase classname="facebookTest.LoginTest" name="messageVerification" time="4.195"/>
  <system-out/>
  <testcase classname="facebookTest.LoginTest" name="emailValidation" time="5.149"/>
  <system-out/>
</testsuite> <!-- facebookTest.LoginTest -->
